<?xml version="1.0" encoding="UTF-8"?>
<!-- Generated by org.testng.reporters.JUnitXMLReporter -->
<testsuite ignored="0" hostname="DESKTOP-9FMQBDK" failures="0" tests="4" name="Test" time="21.16" errors="0" timestamp="2022-05-30T14:46:30 IST">
  <testcase classname="com.SauceDemo.TestClasses.TC04SingleProductAddToCart" name="singleProductAddToCart" time="0.234"/>
  <testcase classname="com.SauceDemo.TestClasses.TC01LoginFunctionality" name="loginFunctionalityTest" time="0.355"/>
  <testcase classname="com.SauceDemo.TestClasses.TC10MultipleProductAddToCart" name="multipleProductAddToCart" time="0.405"/>
  <testcase classname="com.SauceDemo.TestClasses.TC07LogoutFunctionality" name="logoutFunctionalitty" time="0.157"/>
</testsuite> <!-- Test -->
